<?xml version="1.0" encoding="UTF-8"?>
<!-- Generated by org.testng.reporters.JUnitXMLReporter -->
<testsuite hostname="Rameshs-MacBook-Pro.local" ignored="0" name="Test" tests="5" failures="0" timestamp="16 May 2017 13:16:59 GMT" time="24.991" errors="0">
  <testcase name="@BeforeClass Arizona_home" time="0.0" classname="project1.ConservationPlanning">
    <failure type="java.lang.AssertionError" message="expected [false] but found [true]">
      <![CDATA[java.lang.AssertionError: expected [false] but found [true]
	at project1.ConservationPlanning.title(ConservationPlanning.java:64)
	at project1.ConservationPlanning.Arizona_home(ConservationPlanning.java:49)
... Removed 31 stack frames]]>
    </failure>
  </testcase> <!-- @BeforeClass Arizona_home -->
  <testcase name="Agri" time="0.005" classname="project1.Agronomy"/>
  <testcase name="Agri" time="0.003" classname="project1.Biology"/>
  <testcase name="conserv_planning" time="0.001" classname="project1.ConservationPlanning">
    <skipped/>
  </testcase> <!-- conserv_planning -->
  <testcase name="CTA" time="0.995" classname="project1.ConservationTechAssis"/>
  <testcase name="Agri" time="0.001" classname="project1.Cropland"/>
</testsuite> <!-- Test -->
